<?xml version="1.0" encoding="UTF-8"?>
<testsuites name="Mocha Tests" time="0.0020" tests="1" failures="0">
  <testsuite name="Root Suite" timestamp="2021-10-23T13:59:27" tests="0" time="0.0000" failures="0">
  </testsuite>
  <testsuite name="String" timestamp="2021-10-23T13:59:27" tests="0" file="C:\Users\domin\Desktop\Softwaredeployment\Application\test\test.js" time="0.0000" failures="0">
  </testsuite>
  <testsuite name="#indexOf" timestamp="2021-10-23T13:59:27" tests="1" file="C:\Users\domin\Desktop\Softwaredeployment\Application\test\test.js" time="0.0010" failures="0">
    <testcase name="String #indexOf should return -1 when the substring is not present" time="0.0000" classname="should return -1 when the substring is not present">
    </testcase>
  </testsuite>
</testsuites>